<?xml version="1.0" encoding="utf-8"?><testsuites name="pytest tests"><testsuite name="pytest" errors="0" failures="0" skipped="0" tests="11" time="2.809" timestamp="2026-05-17T14:34:53.651475+00:00" hostname="agent-env-c479aa92-60ef-46e1-9c15-f05c42f9927c"><testcase classname="backend.tests.test_backend" name="test_root_message" time="0.298" /><testcase classname="backend.tests.test_backend" name="test_products_list_count_and_ids" time="0.163" /><testcase classname="backend.tests.test_backend" name="test_products_fields_and_prices" time="0.184" /><testcase classname="backend.tests.test_backend" name="test_cvetni_image_url_reachable" time="0.448" /><testcase classname="backend.tests.test_backend" name="test_static_product_image_served[bagremov.png]" time="0.243" /><testcase classname="backend.tests.test_backend" name="test_static_product_image_served[suncokretov.png]" time="0.199" /><testcase classname="backend.tests.test_backend" name="test_contact_create_valid" time="0.280" /><testcase classname="backend.tests.test_backend" name="test_contact_missing_email_returns_422" time="0.208" /><testcase classname="backend.tests.test_backend" name="test_contact_invalid_email_returns_422" time="0.142" /><testcase classname="backend.tests.test_backend" name="test_contact_missing_message_returns_422" time="0.134" /><testcase classname="backend.tests.test_backend" name="test_contact_list_persistence_and_no_mongo_id" time="0.256" /></testsuite></testsuites>