<?xml version="1.0" encoding="utf-8"?><testsuites name="pytest tests"><testsuite name="pytest" errors="0" failures="0" skipped="0" tests="11" time="2.871" timestamp="2026-05-17T12:42:30.069217+00:00" hostname="agent-env-c479aa92-60ef-46e1-9c15-f05c42f9927c"><testcase classname="backend.tests.test_backend" name="test_root_message" time="0.535" /><testcase classname="backend.tests.test_backend" name="test_products_list_count_and_ids" time="0.144" /><testcase classname="backend.tests.test_backend" name="test_products_fields_and_prices" time="0.156" /><testcase classname="backend.tests.test_backend" name="test_static_product_image_served[bagremov.png]" time="0.258" /><testcase classname="backend.tests.test_backend" name="test_static_product_image_served[suncokretov.png]" time="0.200" /><testcase classname="backend.tests.test_backend" name="test_static_product_image_served[livadski.png]" time="0.197" /><testcase classname="backend.tests.test_backend" name="test_contact_create_valid" time="0.349" /><testcase classname="backend.tests.test_backend" name="test_contact_missing_email_returns_422" time="0.145" /><testcase classname="backend.tests.test_backend" name="test_contact_invalid_email_returns_422" time="0.126" /><testcase classname="backend.tests.test_backend" name="test_contact_missing_message_returns_422" time="0.180" /><testcase classname="backend.tests.test_backend" name="test_contact_list_persistence_and_no_mongo_id" time="0.260" /></testsuite></testsuites>